2018-10-08T23:59:10.008+0100 :: DEBUG :: demo.Main :: Rest API Request: http://localhost:4567/commits?beforeDate=2018.10.08&maxCount=10
2018-10-08T23:59:10.025+0100 :: INFO :: demo.command.chain.CommandChain :: Command to execute [1]: cmd /c cd C:\Work\Demo\CommitViewer2\CommitViewer
2018-10-08T23:59:10.025+0100 :: INFO :: demo.command.chain.CommandChain :: Command to execute [2]: git log --pretty=format:"%h;%an;%ae;%ad;%ar;%s" --max-count=10 --until=2018.10.08
2018-10-08T23:59:10.026+0100 :: DEBUG :: demo.command.chain.CommandChain :: Command prompt input: cmd /c cd C:\Work\Demo\CommitViewer2\CommitViewer && git log --pretty=format:"%h;%an;%ae;%ad;%ar;%s" --max-count=10 --until=2018.10.08
2018-10-08T23:59:10.699+0100 :: DEBUG :: demo.command.chain.CommandChain :: Command Output: b4da556;fernandojribeiro;fernando.jribeiro@gmail.com;Sat Oct 6 16:44:08 2018 +0100;2 days ago;Initial commit
2018-10-08T23:59:10.705+0100 :: DEBUG :: demo.command.mvc.CommitControler :: List of Commits:
	Short Hash: b4da556
	Author Name: fernandojribeiro
	Author Email: fernando.jribeiro@gmail.com
	Author Date: Sat Oct 6 16:44:08 2018 +0100
	Author Relative Date: 2 days ago
	Subject: Initial commit


2018-10-08T23:59:10.822+0100 :: DEBUG :: demo.Main :: Rest API Response: [ {
  "shortHash" : "b4da556",
  "authorName" : "fernandojribeiro",
  "authorEmail" : "fernando.jribeiro@gmail.com",
  "authorDate" : "Sat Oct 6 16:44:08 2018 +0100",
  "authorRelativeDate" : "2 days ago",
  "subject" : "Initial commit"
} ]
2018-10-08T23:59:10.823+0100 :: INFO :: demo.Main :: Have a nice day!
2018-10-08T23:59:34.324+0100 :: DEBUG :: demo.Main :: Rest API Request: http://localhost:4567/commits?beforeDate=2018.10.05&maxCount=10
2018-10-08T23:59:34.325+0100 :: INFO :: demo.command.chain.CommandChain :: Command to execute [1]: cmd /c cd C:\Work\Demo\CommitViewer2\CommitViewer
2018-10-08T23:59:34.325+0100 :: INFO :: demo.command.chain.CommandChain :: Command to execute [2]: git log --pretty=format:"%h;%an;%ae;%ad;%ar;%s" --max-count=10 --until=2018.10.05
2018-10-08T23:59:34.325+0100 :: DEBUG :: demo.command.chain.CommandChain :: Command prompt input: cmd /c cd C:\Work\Demo\CommitViewer2\CommitViewer && git log --pretty=format:"%h;%an;%ae;%ad;%ar;%s" --max-count=10 --until=2018.10.05
2018-10-08T23:59:35.038+0100 :: DEBUG :: demo.command.mvc.CommitControler :: 
2018-10-08T23:59:35.040+0100 :: DEBUG :: demo.Main :: Rest API Response: [ ]
2018-10-08T23:59:35.041+0100 :: ERROR :: demo.Main :: Something went wrong!
2018-10-08T23:59:44.487+0100 :: DEBUG :: demo.Main :: Rest API Request: http://localhost:4567/commits?beforeDate=2018.10.06&maxCount=0
2018-10-08T23:59:44.489+0100 :: INFO :: demo.command.chain.CommandChain :: Command to execute [1]: cmd /c cd C:\Work\Demo\CommitViewer2\CommitViewer
2018-10-08T23:59:44.489+0100 :: INFO :: demo.command.chain.CommandChain :: Command to execute [2]: git log --pretty=format:"%h;%an;%ae;%ad;%ar;%s" --max-count=0 --until=2018.10.06
2018-10-08T23:59:44.489+0100 :: DEBUG :: demo.command.chain.CommandChain :: Command prompt input: cmd /c cd C:\Work\Demo\CommitViewer2\CommitViewer && git log --pretty=format:"%h;%an;%ae;%ad;%ar;%s" --max-count=0 --until=2018.10.06
2018-10-08T23:59:45.091+0100 :: DEBUG :: demo.command.mvc.CommitControler :: 
2018-10-08T23:59:45.093+0100 :: DEBUG :: demo.Main :: Rest API Response: [ ]
2018-10-08T23:59:45.094+0100 :: ERROR :: demo.Main :: Something went wrong!
2018-10-08T23:59:48.469+0100 :: DEBUG :: demo.Main :: Rest API Request: http://localhost:4567/commits?beforeDate=2018.10.06&maxCount=1
2018-10-08T23:59:48.469+0100 :: INFO :: demo.command.chain.CommandChain :: Command to execute [1]: cmd /c cd C:\Work\Demo\CommitViewer2\CommitViewer
2018-10-08T23:59:48.470+0100 :: INFO :: demo.command.chain.CommandChain :: Command to execute [2]: git log --pretty=format:"%h;%an;%ae;%ad;%ar;%s" --max-count=1 --until=2018.10.06
2018-10-08T23:59:48.470+0100 :: DEBUG :: demo.command.chain.CommandChain :: Command prompt input: cmd /c cd C:\Work\Demo\CommitViewer2\CommitViewer && git log --pretty=format:"%h;%an;%ae;%ad;%ar;%s" --max-count=1 --until=2018.10.06
2018-10-08T23:59:49.132+0100 :: DEBUG :: demo.command.chain.CommandChain :: Command Output: b4da556;fernandojribeiro;fernando.jribeiro@gmail.com;Sat Oct 6 16:44:08 2018 +0100;2 days ago;Initial commit
2018-10-08T23:59:49.134+0100 :: DEBUG :: demo.command.mvc.CommitControler :: List of Commits:
	Short Hash: b4da556
	Author Name: fernandojribeiro
	Author Email: fernando.jribeiro@gmail.com
	Author Date: Sat Oct 6 16:44:08 2018 +0100
	Author Relative Date: 2 days ago
	Subject: Initial commit


2018-10-08T23:59:49.135+0100 :: DEBUG :: demo.Main :: Rest API Response: [ {
  "shortHash" : "b4da556",
  "authorName" : "fernandojribeiro",
  "authorEmail" : "fernando.jribeiro@gmail.com",
  "authorDate" : "Sat Oct 6 16:44:08 2018 +0100",
  "authorRelativeDate" : "2 days ago",
  "subject" : "Initial commit"
} ]
2018-10-08T23:59:49.137+0100 :: INFO :: demo.Main :: Have a nice day!
2018-10-09T00:12:57.669+0100 :: DEBUG :: demo.Main :: Rest API Request: http://localhost:4567/commits?beforeDate=2018.10.06&maxCount=1
2018-10-09T00:12:57.698+0100 :: INFO :: demo.command.chain.CommandChain :: Command to execute [1]: cmd /c cd C:\Work\Demo\CommitViewer2\CommitViewer
2018-10-09T00:12:57.698+0100 :: INFO :: demo.command.chain.CommandChain :: Command to execute [2]: git log --pretty=format:"%h;%an;%ae;%ad;%ar;%s" --max-count=1 --until=2018.10.06
2018-10-09T00:12:57.699+0100 :: DEBUG :: demo.command.chain.CommandChain :: Command prompt input: cmd /c cd C:\Work\Demo\CommitViewer2\CommitViewer && git log --pretty=format:"%h;%an;%ae;%ad;%ar;%s" --max-count=1 --until=2018.10.06
2018-10-09T00:12:58.190+0100 :: ERROR :: demo.Main :: Something went wrong!
2018-10-09T00:13:16.539+0100 :: DEBUG :: demo.Main :: Rest API Request: http://localhost:4567/commits?beforeDate=2018.10.09&maxCount=1
2018-10-09T00:13:16.540+0100 :: INFO :: demo.command.chain.CommandChain :: Command to execute [1]: cmd /c cd C:\Work\Demo\CommitViewer2\CommitViewer
2018-10-09T00:13:16.540+0100 :: INFO :: demo.command.chain.CommandChain :: Command to execute [2]: git log --pretty=format:"%h;%an;%ae;%ad;%ar;%s" --max-count=1 --until=2018.10.09
2018-10-09T00:13:16.540+0100 :: DEBUG :: demo.command.chain.CommandChain :: Command prompt input: cmd /c cd C:\Work\Demo\CommitViewer2\CommitViewer && git log --pretty=format:"%h;%an;%ae;%ad;%ar;%s" --max-count=1 --until=2018.10.09
2018-10-09T00:13:17.087+0100 :: DEBUG :: demo.command.chain.CommandChain :: Command Output: b4da556;fernandojribeiro;fernando.jribeiro@gmail.com;Sat Oct 6 16:44:08 2018 +0100;2 days ago;Initial commit
2018-10-09T00:13:17.089+0100 :: DEBUG :: demo.command.mvc.CommitControler :: List of Commits:
	Short Hash: b4da556
	Author Name: fernandojribeiro
	Author Email: fernando.jribeiro@gmail.com
	Author Date: Sat Oct 6 16:44:08 2018 +0100
	Author Relative Date: 2 days ago
	Subject: Initial commit


2018-10-09T00:13:17.123+0100 :: DEBUG :: demo.Main :: Rest API Response: [ {
  "shortHash" : "b4da556",
  "authorName" : "fernandojribeiro",
  "authorEmail" : "fernando.jribeiro@gmail.com",
  "authorDate" : "Sat Oct 6 16:44:08 2018 +0100",
  "authorRelativeDate" : "2 days ago",
  "subject" : "Initial commit"
} ]
2018-10-09T00:13:17.131+0100 :: INFO :: demo.Main :: Great Job!
2018-10-09T00:13:26.133+0100 :: DEBUG :: demo.Main :: Rest API Request: http://localhost:4567/commits?beforeDate=2018.10.06&maxCount=1
2018-10-09T00:13:26.134+0100 :: INFO :: demo.command.chain.CommandChain :: Command to execute [1]: cmd /c cd C:\Work\Demo\CommitViewer2\CommitViewer
2018-10-09T00:13:26.134+0100 :: INFO :: demo.command.chain.CommandChain :: Command to execute [2]: git log --pretty=format:"%h;%an;%ae;%ad;%ar;%s" --max-count=1 --until=2018.10.06
2018-10-09T00:13:26.134+0100 :: DEBUG :: demo.command.chain.CommandChain :: Command prompt input: cmd /c cd C:\Work\Demo\CommitViewer2\CommitViewer && git log --pretty=format:"%h;%an;%ae;%ad;%ar;%s" --max-count=1 --until=2018.10.06
2018-10-09T00:13:26.757+0100 :: ERROR :: demo.Main :: Something went wrong!
2018-10-09T00:13:30.173+0100 :: DEBUG :: demo.Main :: Rest API Request: http://localhost:4567/commits?beforeDate=2018.10.07&maxCount=1
2018-10-09T00:13:30.174+0100 :: INFO :: demo.command.chain.CommandChain :: Command to execute [1]: cmd /c cd C:\Work\Demo\CommitViewer2\CommitViewer
2018-10-09T00:13:30.174+0100 :: INFO :: demo.command.chain.CommandChain :: Command to execute [2]: git log --pretty=format:"%h;%an;%ae;%ad;%ar;%s" --max-count=1 --until=2018.10.07
2018-10-09T00:13:30.175+0100 :: DEBUG :: demo.command.chain.CommandChain :: Command prompt input: cmd /c cd C:\Work\Demo\CommitViewer2\CommitViewer && git log --pretty=format:"%h;%an;%ae;%ad;%ar;%s" --max-count=1 --until=2018.10.07
2018-10-09T00:13:30.658+0100 :: DEBUG :: demo.command.chain.CommandChain :: Command Output: b4da556;fernandojribeiro;fernando.jribeiro@gmail.com;Sat Oct 6 16:44:08 2018 +0100;2 days ago;Initial commit
2018-10-09T00:13:30.659+0100 :: DEBUG :: demo.command.mvc.CommitControler :: List of Commits:
	Short Hash: b4da556
	Author Name: fernandojribeiro
	Author Email: fernando.jribeiro@gmail.com
	Author Date: Sat Oct 6 16:44:08 2018 +0100
	Author Relative Date: 2 days ago
	Subject: Initial commit


2018-10-09T00:13:30.659+0100 :: DEBUG :: demo.Main :: Rest API Response: [ {
  "shortHash" : "b4da556",
  "authorName" : "fernandojribeiro",
  "authorEmail" : "fernando.jribeiro@gmail.com",
  "authorDate" : "Sat Oct 6 16:44:08 2018 +0100",
  "authorRelativeDate" : "2 days ago",
  "subject" : "Initial commit"
} ]
2018-10-09T00:13:30.660+0100 :: INFO :: demo.Main :: Great Job!
2018-10-09T00:14:06.757+0100 :: DEBUG :: demo.Main :: Rest API Request: http://localhost:4567/commits?beforeDate=2018.10.07&maxCount=1
2018-10-09T00:14:06.788+0100 :: INFO :: demo.command.chain.CommandChain :: Command to execute [1]: cmd /c cd C:\Work\Demo\CommitViewer2\CommitViewer
2018-10-09T00:14:06.789+0100 :: INFO :: demo.command.chain.CommandChain :: Command to execute [2]: git ---log --pretty=format:"%h;%an;%ae;%ad;%ar;%s" --max-count=1 --until=2018.10.07
2018-10-09T00:14:06.790+0100 :: DEBUG :: demo.command.chain.CommandChain :: Command prompt input: cmd /c cd C:\Work\Demo\CommitViewer2\CommitViewer && git ---log --pretty=format:"%h;%an;%ae;%ad;%ar;%s" --max-count=1 --until=2018.10.07
2018-10-09T00:14:07.533+0100 :: ERROR :: demo.Main :: Something went wrong!
2018-10-09T07:51:44.942+0100 :: DEBUG :: demo.Main :: Rest API Request: http://localhost:4567/commits?beforeDate=2018.10.07&maxCount=1
2018-10-09T07:51:44.975+0100 :: INFO :: demo.command.chain.CommandChain :: Command to execute [1]: cmd /c cd C:\Work\Demo\CommitViewer2\CommitViewer
2018-10-09T07:51:44.976+0100 :: INFO :: demo.command.chain.CommandChain :: Command to execute [2]: git ---log --pretty=format:"%h;%an;%ae;%ad;%ar;%s" --max-count=1 --until=2018.10.07
2018-10-09T07:51:44.976+0100 :: DEBUG :: demo.command.chain.CommandChain :: Command prompt input: cmd /c cd C:\Work\Demo\CommitViewer2\CommitViewer && git ---log --pretty=format:"%h;%an;%ae;%ad;%ar;%s" --max-count=1 --until=2018.10.07
2018-10-09T07:51:45.710+0100 :: ERROR :: demo.Main :: Something went wrong!
2018-10-09T07:52:50.800+0100 :: DEBUG :: demo.Main :: Rest API Request: http://localhost:4567/commits?beforeDate=2018.10.07&maxCount=1
2018-10-09T07:52:50.822+0100 :: INFO :: demo.command.chain.CommandChain :: Command to execute [1]: cmd /c cd C:\Work\Demo\CommitViewer2\CommitViewer
2018-10-09T07:52:50.823+0100 :: INFO :: demo.command.chain.CommandChain :: Command to execute [2]: git ---log --pretty=format:"%h;%an;%ae;%ad;%ar;%s" --max-count=1 --until=2018.10.07
2018-10-09T07:52:50.824+0100 :: DEBUG :: demo.command.chain.CommandChain :: Command prompt input: cmd /c cd C:\Work\Demo\CommitViewer2\CommitViewer && git ---log --pretty=format:"%h;%an;%ae;%ad;%ar;%s" --max-count=1 --until=2018.10.07
2018-10-09T07:52:51.428+0100 :: ERROR :: demo.command.chain.CommandChain :: Command Error: Unknown option: ---log
2018-10-09T07:52:51.429+0100 :: ERROR :: demo.command.chain.CommandChain :: Command Error: usage: git [--version] [--help] [-C <path>] [-c name=value]
2018-10-09T07:52:51.429+0100 :: ERROR :: demo.command.chain.CommandChain :: Command Error:            [--exec-path[=<path>]] [--html-path] [--man-path] [--info-path]
2018-10-09T07:52:51.430+0100 :: ERROR :: demo.command.chain.CommandChain :: Command Error:            [-p | --paginate | --no-pager] [--no-replace-objects] [--bare]
2018-10-09T07:52:51.430+0100 :: ERROR :: demo.command.chain.CommandChain :: Command Error:            [--git-dir=<path>] [--work-tree=<path>] [--namespace=<name>]
2018-10-09T07:52:51.431+0100 :: ERROR :: demo.command.chain.CommandChain :: Command Error:            <command> [<args>]
2018-10-09T07:52:51.451+0100 :: ERROR :: demo.Main :: Something went wrong!
2018-10-09T07:54:01.608+0100 :: DEBUG :: demo.Main :: Rest API Request: http://localhost:4567/commits?beforeDate=2018.10.07&maxCount=1
2018-10-09T07:54:01.628+0100 :: INFO :: demo.command.chain.CommandChain :: Command to execute [1]: cmd /c cd C:\Work\Demo\CommitViewer2\CommitViewer
2018-10-09T07:54:01.629+0100 :: INFO :: demo.command.chain.CommandChain :: Command to execute [2]: git log --pretty=format:"%.h;%an;%ae;%ad;%ar;%s" --max-count=1 --until=2018.10.07
2018-10-09T07:54:01.629+0100 :: DEBUG :: demo.command.chain.CommandChain :: Command prompt input: cmd /c cd C:\Work\Demo\CommitViewer2\CommitViewer && git log --pretty=format:"%.h;%an;%ae;%ad;%ar;%s" --max-count=1 --until=2018.10.07
2018-10-09T07:54:02.028+0100 :: DEBUG :: demo.command.chain.CommandChain :: Command Output: %.h;fernandojribeiro;fernando.jribeiro@gmail.com;Sat Oct 6 16:44:08 2018 +0100;3 days ago;Initial commit
2018-10-09T07:54:02.030+0100 :: DEBUG :: demo.command.mvc.CommitControler :: List of Commits:
	Short Hash: %.h
	Author Name: fernandojribeiro
	Author Email: fernando.jribeiro@gmail.com
	Author Date: Sat Oct 6 16:44:08 2018 +0100
	Author Relative Date: 3 days ago
	Subject: Initial commit


2018-10-09T07:54:02.126+0100 :: DEBUG :: demo.Main :: Rest API Response: [ {
  "shortHash" : "%.h",
  "authorName" : "fernandojribeiro",
  "authorEmail" : "fernando.jribeiro@gmail.com",
  "authorDate" : "Sat Oct 6 16:44:08 2018 +0100",
  "authorRelativeDate" : "3 days ago",
  "subject" : "Initial commit"
} ]
2018-10-09T07:54:02.127+0100 :: INFO :: demo.Main :: Great Job!
2018-10-09T07:55:08.116+0100 :: DEBUG :: demo.Main :: Rest API Request: http://localhost:4567/commits?beforeDate=2018.10.07&maxCount=1
2018-10-09T07:55:08.138+0100 :: INFO :: demo.command.chain.CommandChain :: Command to execute [1]: cd C:\Work\Demo\CommitViewer2\CommitViewer
2018-10-09T07:55:08.139+0100 :: INFO :: demo.command.chain.CommandChain :: Command to execute [2]: git log --pretty=format:"%h;%an;%ae;%ad;%ar;%s" --max-count=1 --until=2018.10.07
2018-10-09T07:55:08.139+0100 :: DEBUG :: demo.command.chain.CommandChain :: Command prompt input: cd C:\Work\Demo\CommitViewer2\CommitViewer && git log --pretty=format:"%h;%an;%ae;%ad;%ar;%s" --max-count=1 --until=2018.10.07
2018-10-09T07:55:08.153+0100 :: ERROR :: demo.command.chain.CommandChain :: Error during command execution: Cannot run program "cd": CreateProcess error=2, The system cannot find the file specified
java.io.IOException: Cannot run program "cd": CreateProcess error=2, The system cannot find the file specified
	at java.lang.ProcessBuilder.start(Unknown Source) ~[?:1.8.0_181]
	at java.lang.Runtime.exec(Unknown Source) ~[?:1.8.0_181]
	at java.lang.Runtime.exec(Unknown Source) ~[?:1.8.0_181]
	at java.lang.Runtime.exec(Unknown Source) ~[?:1.8.0_181]
	at demo.command.chain.CommandChain.executeCommands(CommandChain.java:44) ~[classes/:?]
	at demo.command.chain.CommitHistory.execute(CommitHistory.java:71) ~[classes/:?]
	at demo.Main.lambda$0(Main.java:41) ~[classes/:?]
	at spark.RouteImpl$1.handle(RouteImpl.java:61) [spark-core-2.5.jar:?]
	at spark.http.matching.Routes.execute(Routes.java:61) [spark-core-2.5.jar:?]
	at spark.http.matching.MatcherFilter.doFilter(MatcherFilter.java:126) [spark-core-2.5.jar:?]
	at spark.embeddedserver.jetty.JettyHandler.doHandle(JettyHandler.java:50) [spark-core-2.5.jar:?]
	at org.eclipse.jetty.server.session.SessionHandler.doScope(SessionHandler.java:189) [jetty-server-9.3.6.v20151106.jar:9.3.6.v20151106]
	at org.eclipse.jetty.server.handler.ScopedHandler.handle(ScopedHandler.java:141) [jetty-server-9.3.6.v20151106.jar:9.3.6.v20151106]
	at org.eclipse.jetty.server.handler.HandlerWrapper.handle(HandlerWrapper.java:119) [jetty-server-9.3.6.v20151106.jar:9.3.6.v20151106]
	at org.eclipse.jetty.server.Server.handle(Server.java:517) [jetty-server-9.3.6.v20151106.jar:9.3.6.v20151106]
	at org.eclipse.jetty.server.HttpChannel.handle(HttpChannel.java:308) [jetty-server-9.3.6.v20151106.jar:9.3.6.v20151106]
	at org.eclipse.jetty.server.HttpConnection.onFillable(HttpConnection.java:242) [jetty-server-9.3.6.v20151106.jar:9.3.6.v20151106]
	at org.eclipse.jetty.io.AbstractConnection$ReadCallback.succeeded(AbstractConnection.java:261) [jetty-io-9.3.6.v20151106.jar:9.3.6.v20151106]
	at org.eclipse.jetty.io.FillInterest.fillable(FillInterest.java:95) [jetty-io-9.3.6.v20151106.jar:9.3.6.v20151106]
	at org.eclipse.jetty.io.SelectChannelEndPoint$2.run(SelectChannelEndPoint.java:75) [jetty-io-9.3.6.v20151106.jar:9.3.6.v20151106]
	at org.eclipse.jetty.util.thread.strategy.ExecuteProduceConsume.produceAndRun(ExecuteProduceConsume.java:213) [jetty-util-9.3.6.v20151106.jar:9.3.6.v20151106]
	at org.eclipse.jetty.util.thread.strategy.ExecuteProduceConsume.run(ExecuteProduceConsume.java:147) [jetty-util-9.3.6.v20151106.jar:9.3.6.v20151106]
	at org.eclipse.jetty.util.thread.QueuedThreadPool.runJob(QueuedThreadPool.java:654) [jetty-util-9.3.6.v20151106.jar:9.3.6.v20151106]
	at org.eclipse.jetty.util.thread.QueuedThreadPool$3.run(QueuedThreadPool.java:572) [jetty-util-9.3.6.v20151106.jar:9.3.6.v20151106]
	at java.lang.Thread.run(Unknown Source) [?:1.8.0_181]
Caused by: java.io.IOException: CreateProcess error=2, The system cannot find the file specified
	at java.lang.ProcessImpl.create(Native Method) ~[?:1.8.0_181]
	at java.lang.ProcessImpl.<init>(Unknown Source) ~[?:1.8.0_181]
	at java.lang.ProcessImpl.start(Unknown Source) ~[?:1.8.0_181]
	... 25 more
2018-10-09T07:56:58.512+0100 :: DEBUG :: demo.Main :: Rest API Request: http://localhost:4567/commits?beforeDate=2018.10.07&maxCount=1
2018-10-09T07:56:58.532+0100 :: INFO :: demo.command.chain.CommandChain :: Command to execute [1]: cd C:\Work\Demo\CommitViewer2\CommitViewer
2018-10-09T07:56:58.533+0100 :: INFO :: demo.command.chain.CommandChain :: Command to execute [2]: git log --pretty=format:"%h;%an;%ae;%ad;%ar;%s" --max-count=1 --until=2018.10.07
2018-10-09T07:56:58.533+0100 :: DEBUG :: demo.command.chain.CommandChain :: Command prompt input: cd C:\Work\Demo\CommitViewer2\CommitViewer && git log --pretty=format:"%h;%an;%ae;%ad;%ar;%s" --max-count=1 --until=2018.10.07
2018-10-09T07:56:58.544+0100 :: ERROR :: demo.command.chain.CommandChain :: Error during command execution: Cannot run program "cd": CreateProcess error=2, The system cannot find the file specified
java.io.IOException: Cannot run program "cd": CreateProcess error=2, The system cannot find the file specified
	at java.lang.ProcessBuilder.start(Unknown Source) ~[?:1.8.0_181]
	at java.lang.Runtime.exec(Unknown Source) ~[?:1.8.0_181]
	at java.lang.Runtime.exec(Unknown Source) ~[?:1.8.0_181]
	at java.lang.Runtime.exec(Unknown Source) ~[?:1.8.0_181]
	at demo.command.chain.CommandChain.executeCommands(CommandChain.java:44) ~[classes/:?]
	at demo.command.chain.CommitHistory.execute(CommitHistory.java:71) ~[classes/:?]
	at demo.Main.lambda$0(Main.java:41) ~[classes/:?]
	at spark.RouteImpl$1.handle(RouteImpl.java:61) [spark-core-2.5.jar:?]
	at spark.http.matching.Routes.execute(Routes.java:61) [spark-core-2.5.jar:?]
	at spark.http.matching.MatcherFilter.doFilter(MatcherFilter.java:126) [spark-core-2.5.jar:?]
	at spark.embeddedserver.jetty.JettyHandler.doHandle(JettyHandler.java:50) [spark-core-2.5.jar:?]
	at org.eclipse.jetty.server.session.SessionHandler.doScope(SessionHandler.java:189) [jetty-server-9.3.6.v20151106.jar:9.3.6.v20151106]
	at org.eclipse.jetty.server.handler.ScopedHandler.handle(ScopedHandler.java:141) [jetty-server-9.3.6.v20151106.jar:9.3.6.v20151106]
	at org.eclipse.jetty.server.handler.HandlerWrapper.handle(HandlerWrapper.java:119) [jetty-server-9.3.6.v20151106.jar:9.3.6.v20151106]
	at org.eclipse.jetty.server.Server.handle(Server.java:517) [jetty-server-9.3.6.v20151106.jar:9.3.6.v20151106]
	at org.eclipse.jetty.server.HttpChannel.handle(HttpChannel.java:308) [jetty-server-9.3.6.v20151106.jar:9.3.6.v20151106]
	at org.eclipse.jetty.server.HttpConnection.onFillable(HttpConnection.java:242) [jetty-server-9.3.6.v20151106.jar:9.3.6.v20151106]
	at org.eclipse.jetty.io.AbstractConnection$ReadCallback.succeeded(AbstractConnection.java:261) [jetty-io-9.3.6.v20151106.jar:9.3.6.v20151106]
	at org.eclipse.jetty.io.FillInterest.fillable(FillInterest.java:95) [jetty-io-9.3.6.v20151106.jar:9.3.6.v20151106]
	at org.eclipse.jetty.io.SelectChannelEndPoint$2.run(SelectChannelEndPoint.java:75) [jetty-io-9.3.6.v20151106.jar:9.3.6.v20151106]
	at org.eclipse.jetty.util.thread.strategy.ExecuteProduceConsume.produceAndRun(ExecuteProduceConsume.java:213) [jetty-util-9.3.6.v20151106.jar:9.3.6.v20151106]
	at org.eclipse.jetty.util.thread.strategy.ExecuteProduceConsume.run(ExecuteProduceConsume.java:147) [jetty-util-9.3.6.v20151106.jar:9.3.6.v20151106]
	at org.eclipse.jetty.util.thread.QueuedThreadPool.runJob(QueuedThreadPool.java:654) [jetty-util-9.3.6.v20151106.jar:9.3.6.v20151106]
	at org.eclipse.jetty.util.thread.QueuedThreadPool$3.run(QueuedThreadPool.java:572) [jetty-util-9.3.6.v20151106.jar:9.3.6.v20151106]
	at java.lang.Thread.run(Unknown Source) [?:1.8.0_181]
Caused by: java.io.IOException: CreateProcess error=2, The system cannot find the file specified
	at java.lang.ProcessImpl.create(Native Method) ~[?:1.8.0_181]
	at java.lang.ProcessImpl.<init>(Unknown Source) ~[?:1.8.0_181]
	at java.lang.ProcessImpl.start(Unknown Source) ~[?:1.8.0_181]
	... 25 more
2018-10-09T07:56:58.567+0100 :: ERROR :: demo.Main :: Something went wrong!
2018-10-09T07:58:54.787+0100 :: DEBUG :: demo.Main :: Rest API Request: http://localhost:4567/commits?beforeDate=2018.10.07&maxCount=1
2018-10-09T07:58:54.807+0100 :: INFO :: demo.command.chain.CommandChain :: Command to execute [1]: cmd /c cd C:\Work\Demo\CommitViewer2\CommitViewer
2018-10-09T07:58:54.808+0100 :: INFO :: demo.command.chain.CommandChain :: Command to execute [2]: git log --pretty=format:"%h;%an;%ae;%ad;%ar;%s" --max-count=1 --until=2018.10.07
2018-10-09T07:58:54.808+0100 :: DEBUG :: demo.command.chain.CommandChain :: Command prompt input: cmd /c cd C:\Work\Demo\CommitViewer2\CommitViewer && git log --pretty=format:"%h;%an;%ae;%ad;%ar;%s" --max-count=1 --until=2018.10.07
2018-10-09T07:58:55.207+0100 :: DEBUG :: demo.command.chain.CommandChain :: Command Output: b4da556;fernandojribeiro;fernando.jribeiro@gmail.com;Sat Oct 6 16:44:08 2018 +0100;3 days ago;Initial commit
2018-10-09T07:58:55.210+0100 :: DEBUG :: demo.command.mvc.CommitControler :: List of Commits:
	Short Hash: b4da556
	Author Name: fernandojribeiro
	Author Email: fernando.jribeiro@gmail.com
	Author Date: Sat Oct 6 16:44:08 2018 +0100
	Author Relative Date: 3 days ago
	Subject: Initial commit


2018-10-09T07:58:55.259+0100 :: DEBUG :: demo.Main :: Rest API Response: [ {
  "shortHash" : "b4da556",
  "authorName" : "fernandojribeiro",
  "authorEmail" : "fernando.jribeiro@gmail.com",
  "authorDate" : "Sat Oct 6 16:44:08 2018 +0100",
  "authorRelativeDate" : "3 days ago",
  "subject" : "Initial commit"
} ]
2018-10-09T07:58:55.259+0100 :: INFO :: demo.Main :: Great Job!
2018-10-09T08:26:54.178+0100 :: DEBUG :: demo.api.RestInterface :: Rest API Request: http://localhost:4567/commits?beforeDate=2018.10.07&maxCount=1
2018-10-09T08:26:54.196+0100 :: INFO :: demo.command.chain.CommandChain :: Command to execute [1]: cmd /c cd C:\Work\Demo\CommitViewer2\CommitViewer
2018-10-09T08:26:54.197+0100 :: INFO :: demo.command.chain.CommandChain :: Command to execute [2]: git log --pretty=format:"%h;%an;%ae;%ad;%ar;%s" --max-count=1 --until=2018.10.07
2018-10-09T08:26:54.197+0100 :: DEBUG :: demo.command.chain.CommandChain :: Command prompt input: cmd /c cd C:\Work\Demo\CommitViewer2\CommitViewer && git log --pretty=format:"%h;%an;%ae;%ad;%ar;%s" --max-count=1 --until=2018.10.07
2018-10-09T08:26:54.951+0100 :: DEBUG :: demo.command.chain.CommandChain :: Command Output: b4da556;fernandojribeiro;fernando.jribeiro@gmail.com;Sat Oct 6 16:44:08 2018 +0100;3 days ago;Initial commit
2018-10-09T08:26:54.958+0100 :: DEBUG :: demo.command.mvc.CommitControler :: List of Commits:
	Short Hash: b4da556
	Author Name: fernandojribeiro
	Author Email: fernando.jribeiro@gmail.com
	Author Date: Sat Oct 6 16:44:08 2018 +0100
	Author Relative Date: 3 days ago
	Subject: Initial commit


2018-10-09T08:26:55.087+0100 :: DEBUG :: demo.api.RestInterface :: Rest API Response: [ {
  "shortHash" : "b4da556",
  "authorName" : "fernandojribeiro",
  "authorEmail" : "fernando.jribeiro@gmail.com",
  "authorDate" : "Sat Oct 6 16:44:08 2018 +0100",
  "authorRelativeDate" : "3 days ago",
  "subject" : "Initial commit"
} ]
2018-10-09T08:26:55.087+0100 :: INFO :: demo.api.RestInterface :: Great Job!
2018-10-09T08:27:30.310+0100 :: DEBUG :: demo.api.RestInterface :: Rest API Request: http://localhost:8888/commits?beforeDate=2018.10.07&maxCount=1
2018-10-09T08:27:30.336+0100 :: INFO :: demo.command.chain.CommandChain :: Command to execute [1]: cmd /c cd C:\Work\Demo\CommitViewer2\CommitViewer
2018-10-09T08:27:30.337+0100 :: INFO :: demo.command.chain.CommandChain :: Command to execute [2]: git log --pretty=format:"%h;%an;%ae;%ad;%ar;%s" --max-count=1 --until=2018.10.07
2018-10-09T08:27:30.337+0100 :: DEBUG :: demo.command.chain.CommandChain :: Command prompt input: cmd /c cd C:\Work\Demo\CommitViewer2\CommitViewer && git log --pretty=format:"%h;%an;%ae;%ad;%ar;%s" --max-count=1 --until=2018.10.07
2018-10-09T08:27:31.136+0100 :: DEBUG :: demo.command.chain.CommandChain :: Command Output: b4da556;fernandojribeiro;fernando.jribeiro@gmail.com;Sat Oct 6 16:44:08 2018 +0100;3 days ago;Initial commit
2018-10-09T08:27:31.143+0100 :: DEBUG :: demo.command.mvc.CommitControler :: List of Commits:
	Short Hash: b4da556
	Author Name: fernandojribeiro
	Author Email: fernando.jribeiro@gmail.com
	Author Date: Sat Oct 6 16:44:08 2018 +0100
	Author Relative Date: 3 days ago
	Subject: Initial commit


2018-10-09T08:27:31.224+0100 :: DEBUG :: demo.api.RestInterface :: Rest API Response: [ {
  "shortHash" : "b4da556",
  "authorName" : "fernandojribeiro",
  "authorEmail" : "fernando.jribeiro@gmail.com",
  "authorDate" : "Sat Oct 6 16:44:08 2018 +0100",
  "authorRelativeDate" : "3 days ago",
  "subject" : "Initial commit"
} ]
2018-10-09T08:27:31.225+0100 :: INFO :: demo.api.RestInterface :: Great Job!
2018-10-09T08:36:59.858+0100 :: INFO :: demo.api.RestInterface :: Listening to Commit REST API [Port: 8888
2018-10-09T08:37:36.639+0100 :: INFO :: demo.api.RestInterface :: Commit REST API listening [Port: 8888
2018-10-09T08:38:03.109+0100 :: INFO :: demo.api.RestInterface :: Commit REST API listening [Port: 8888, Max Threads: 8, Min Threads: 2, Request Timeout: 30000]...
2018-10-09T08:39:04.655+0100 :: INFO :: demo.api.RestInterface :: Commit REST API listening [Port: 8888, Min Threads: 2, Max Threads: 8, Request Timeout: 30000]...
2018-10-09T08:39:11.932+0100 :: DEBUG :: demo.api.RestInterface :: Rest API Request: http://localhost:8888/commits?beforeDate=2018.10.07&maxCount=1
2018-10-09T08:39:51.980+0100 :: INFO :: demo.command.chain.CommandChain :: Command to execute [1]: cmd /c cd C:\Work\Demo\CommitViewer2\CommitViewer
2018-10-09T08:39:51.982+0100 :: INFO :: demo.command.chain.CommandChain :: Command to execute [2]: git log --pretty=format:"%h;%an;%ae;%ad;%ar;%s" --max-count=1 --until=2018.10.07
2018-10-09T08:39:51.983+0100 :: DEBUG :: demo.command.chain.CommandChain :: Command prompt input: cmd /c cd C:\Work\Demo\CommitViewer2\CommitViewer && git log --pretty=format:"%h;%an;%ae;%ad;%ar;%s" --max-count=1 --until=2018.10.07
2018-10-09T08:39:52.762+0100 :: DEBUG :: demo.command.chain.CommandChain :: Command Output: b4da556;fernandojribeiro;fernando.jribeiro@gmail.com;Sat Oct 6 16:44:08 2018 +0100;3 days ago;Initial commit
2018-10-09T08:39:52.768+0100 :: DEBUG :: demo.command.mvc.CommitControler :: List of Commits:
	Short Hash: b4da556
	Author Name: fernandojribeiro
	Author Email: fernando.jribeiro@gmail.com
	Author Date: Sat Oct 6 16:44:08 2018 +0100
	Author Relative Date: 3 days ago
	Subject: Initial commit


2018-10-09T08:39:52.859+0100 :: DEBUG :: demo.api.RestInterface :: Rest API Response: [ {
  "shortHash" : "b4da556",
  "authorName" : "fernandojribeiro",
  "authorEmail" : "fernando.jribeiro@gmail.com",
  "authorDate" : "Sat Oct 6 16:44:08 2018 +0100",
  "authorRelativeDate" : "3 days ago",
  "subject" : "Initial commit"
} ]
2018-10-09T08:39:52.859+0100 :: INFO :: demo.api.RestInterface :: Great Job!
2018-10-09T08:43:05.439+0100 :: INFO :: demo.api.RestInterface :: Commit REST API listening [Port: 8888, Min Threads: 2, Max Threads: 8, Request Timeout: 30000]...
2018-10-09T08:43:06.761+0100 :: DEBUG :: demo.api.RestInterface :: Rest API Request: http://localhost:8888/commits?beforeDate=2018.10.07&maxCount=1
2018-10-09T08:43:20.747+0100 :: INFO :: demo.api.RestInterface :: Commit REST API listening [Port: 8888, Min Threads: 2, Max Threads: 8, Request Timeout: 30000]...
2018-10-09T08:43:41.665+0100 :: INFO :: demo.api.RestInterface :: Commit REST API listening [Port: 8888, Min Threads: 2, Max Threads: 8, Request Timeout: 30000]...
2018-10-09T08:43:44.010+0100 :: DEBUG :: demo.api.RestInterface :: Rest API Request: http://localhost:8888/commits?beforeDate=2018.10.07&maxCount=1
2018-10-09T08:44:44.043+0100 :: INFO :: demo.command.chain.CommandChain :: Command to execute [1]: cmd /c cd C:\Work\Demo\CommitViewer2\CommitViewer
2018-10-09T08:44:44.044+0100 :: INFO :: demo.command.chain.CommandChain :: Command to execute [2]: git log --pretty=format:"%h;%an;%ae;%ad;%ar;%s" --max-count=1 --until=2018.10.07
2018-10-09T08:44:44.045+0100 :: DEBUG :: demo.command.chain.CommandChain :: Command prompt input: cmd /c cd C:\Work\Demo\CommitViewer2\CommitViewer && git log --pretty=format:"%h;%an;%ae;%ad;%ar;%s" --max-count=1 --until=2018.10.07
2018-10-09T08:44:44.931+0100 :: DEBUG :: demo.command.chain.CommandChain :: Command Output: b4da556;fernandojribeiro;fernando.jribeiro@gmail.com;Sat Oct 6 16:44:08 2018 +0100;3 days ago;Initial commit
2018-10-09T08:44:44.933+0100 :: DEBUG :: demo.command.mvc.CommitControler :: List of Commits:
	Short Hash: b4da556
	Author Name: fernandojribeiro
	Author Email: fernando.jribeiro@gmail.com
	Author Date: Sat Oct 6 16:44:08 2018 +0100
	Author Relative Date: 3 days ago
	Subject: Initial commit


2018-10-09T08:44:44.986+0100 :: DEBUG :: demo.api.RestInterface :: Rest API Response: [ {
  "shortHash" : "b4da556",
  "authorName" : "fernandojribeiro",
  "authorEmail" : "fernando.jribeiro@gmail.com",
  "authorDate" : "Sat Oct 6 16:44:08 2018 +0100",
  "authorRelativeDate" : "3 days ago",
  "subject" : "Initial commit"
} ]
2018-10-09T08:44:44.986+0100 :: INFO :: demo.api.RestInterface :: Great Job!
2018-10-09T09:22:11.228+0100 :: INFO :: demo.api.RestInterface :: Commit REST API listening [Port: 8888, Min Threads: 2, Max Threads: 8, Request Timeout: 30000]...
2018-10-09T09:22:14.441+0100 :: DEBUG :: demo.api.RestInterface :: Rest API Request: http://localhost:8888/commits?beforeDate=2018.10.09&maxCount=10
2018-10-09T09:22:14.455+0100 :: INFO :: demo.command.chain.CommandChain :: Command to execute [1]: cmd /c cd C:\Work\Demo\CommitViewer2\CommitViewer
2018-10-09T09:22:14.456+0100 :: INFO :: demo.command.chain.CommandChain :: Command to execute [2]: git log --pretty=format:"%h;%an;%ae;%ad;%ar;%s" --max-count=10 --until=2018.10.09
2018-10-09T09:22:14.456+0100 :: DEBUG :: demo.command.chain.CommandChain :: Command prompt input: cmd /c cd C:\Work\Demo\CommitViewer2\CommitViewer && git log --pretty=format:"%h;%an;%ae;%ad;%ar;%s" --max-count=10 --until=2018.10.09
2018-10-09T09:22:15.014+0100 :: DEBUG :: demo.command.chain.CommandChain :: Command Output: b4da556;fernandojribeiro;fernando.jribeiro@gmail.com;Sat Oct 6 16:44:08 2018 +0100;3 days ago;Initial commit
2018-10-09T09:22:15.047+0100 :: DEBUG :: demo.command.mvc.CommitControler :: List of Commits:
	Short Hash: b4da556
	Author Name: fernandojribeiro
	Author Email: fernando.jribeiro@gmail.com
	Author Date: Sat Oct 6 16:44:08 2018 +0100
	Author Relative Date: 3 days ago
	Subject: Initial commit


2018-10-09T09:22:15.127+0100 :: DEBUG :: demo.api.RestInterface :: Rest API Response: [ {
  "shortHash" : "b4da556",
  "authorName" : "fernandojribeiro",
  "authorEmail" : "fernando.jribeiro@gmail.com",
  "authorDate" : "Sat Oct 6 16:44:08 2018 +0100",
  "authorRelativeDate" : "3 days ago",
  "subject" : "Initial commit"
} ]
2018-10-09T09:22:15.127+0100 :: INFO :: demo.api.RestInterface :: Great Job!
2018-10-09T09:26:21.757+0100 :: INFO :: demo.api.RestInterface :: Commit REST API listening [Port: 8888, Min Threads: 2, Max Threads: 8, Request Timeout: 30000]...
2018-10-09T09:26:31.228+0100 :: DEBUG :: demo.api.RestInterface :: Rest API Request: http://localhost:8888/commits?beforeDate=2018.10.09&maxCount=10
2018-10-09T09:26:31.230+0100 :: INFO :: demo.command.chain.CommandChain :: Command to execute [1]: cmd /c cd C:\Work\Demo\CommitViewer2\CommitViewer
2018-10-09T09:26:31.239+0100 :: INFO :: demo.command.chain.CommandChain :: Command to execute [2]: git log --pretty=format:"%h;%an;%ae;%ad;%ar;%s" --max-count=10 --until=2018.10.09
2018-10-09T09:26:31.240+0100 :: DEBUG :: demo.command.chain.CommandChain :: Command prompt input: cmd /c cd C:\Work\Demo\CommitViewer2\CommitViewer && git log --pretty=format:"%h;%an;%ae;%ad;%ar;%s" --max-count=10 --until=2018.10.09
2018-10-09T09:26:32.009+0100 :: DEBUG :: demo.command.chain.CommandChain :: Command Output: b4da556;fernandojribeiro;fernando.jribeiro@gmail.com;Sat Oct 6 16:44:08 2018 +0100;3 days ago;Initial commit
2018-10-09T09:26:32.010+0100 :: DEBUG :: demo.command.mvc.CommitControler :: List of Commits:
	Short Hash: b4da556
	Author Name: fernandojribeiro
	Author Email: fernando.jribeiro@gmail.com
	Author Date: Sat Oct 6 16:44:08 2018 +0100
	Author Relative Date: 3 days ago
	Subject: Initial commit


2018-10-09T09:26:32.013+0100 :: DEBUG :: demo.api.RestInterface :: Rest API Response: [ {
  "shortHash" : "b4da556",
  "authorName" : "fernandojribeiro",
  "authorEmail" : "fernando.jribeiro@gmail.com",
  "authorDate" : "Sat Oct 6 16:44:08 2018 +0100",
  "authorRelativeDate" : "3 days ago",
  "subject" : "Initial commit"
} ]
2018-10-09T09:26:32.014+0100 :: INFO :: demo.api.RestInterface :: Great Job!
2018-10-09T09:26:41.784+0100 :: INFO :: demo.api.RestInterface :: Commit REST API listening [Port: 8888, Min Threads: 2, Max Threads: 8, Request Timeout: 30000]...
2018-10-09T09:26:45.450+0100 :: DEBUG :: demo.api.RestInterface :: Rest API Request: http://localhost:8888/commits?beforeDate=2018.10.09&maxCount=10
2018-10-09T09:26:45.471+0100 :: INFO :: demo.command.chain.CommandChain :: Command to execute [1]: cmd /c cd C:\Work\Demo\CommitViewer2\CommitViewer
2018-10-09T09:26:45.472+0100 :: INFO :: demo.command.chain.CommandChain :: Command to execute [2]: git log --pretty=format:"%h;%an;%ae;%ad;%ar;%s" --max-count=10 --until=2018.10.09
2018-10-09T09:26:45.472+0100 :: DEBUG :: demo.command.chain.CommandChain :: Command prompt input: cmd /c cd C:\Work\Demo\CommitViewer2\CommitViewer && git log --pretty=format:"%h;%an;%ae;%ad;%ar;%s" --max-count=10 --until=2018.10.09
2018-10-09T09:26:46.268+0100 :: DEBUG :: demo.command.chain.CommandChain :: Command Output: b4da556;fernandojribeiro;fernando.jribeiro@gmail.com;Sat Oct 6 16:44:08 2018 +0100;3 days ago;Initial commit
2018-10-09T09:26:46.273+0100 :: DEBUG :: demo.command.mvc.CommitControler :: List of Commits:
	Short Hash: b4da556
	Author Name: fernandojribeiro
	Author Email: fernando.jribeiro@gmail.com
	Author Date: Sat Oct 6 16:44:08 2018 +0100
	Author Relative Date: 3 days ago
	Subject: Initial commit


2018-10-09T09:26:46.392+0100 :: DEBUG :: demo.api.RestInterface :: Rest API Response: [ {
  "shortHash" : "b4da556",
  "authorName" : "fernandojribeiro",
  "authorEmail" : "fernando.jribeiro@gmail.com",
  "authorDate" : "Sat Oct 6 16:44:08 2018 +0100",
  "authorRelativeDate" : "3 days ago",
  "subject" : "Initial commit"
} ]
2018-10-09T09:26:46.393+0100 :: INFO :: demo.api.RestInterface :: Great Job!
